{"/Users/younghokim/Jest/modelSchema/index.ts": {"path":"/Users/younghokim/Jest/modelSchema/index.ts","statementMap":{"0":{"start":{"line":3,"column":15},"end":{"line":3,"column":25}}},"fnMap":{},"branchMap":{},"s":{"0":1},"f":{},"b":{},"_coverageSchema":"1a1c01bbd47fc00a2c39e90264f33305004495a9","hash":"ddfbe3cb6e7a60cfc7dd1a003b9b0e2f1a1cb7c7"}
,"/Users/younghokim/Jest/modelSchema/tested.ts": {"path":"/Users/younghokim/Jest/modelSchema/tested.ts","statementMap":{"0":{"start":{"line":14,"column":13},"end":{"line":19,"column":1}},"1":{"start":{"line":21,"column":34},"end":{"line":21,"column":58}},"2":{"start":{"line":23,"column":14},"end":{"line":23,"column":72}},"3":{"start":{"line":24,"column":0},"end":{"line":24,"column":22}}},"fnMap":{},"branchMap":{},"s":{"0":1,"1":1,"2":1,"3":1},"f":{},"b":{},"_coverageSchema":"1a1c01bbd47fc00a2c39e90264f33305004495a9","hash":"29d404410e3e6e51314e9f2e122ac92a8f7e557c"}
,"/Users/younghokim/Jest/models/api/api.ts": {"path":"/Users/younghokim/Jest/models/api/api.ts","statementMap":{"0":{"start":{"line":12,"column":4},"end":{"line":12,"column":174}},"1":{"start":{"line":14,"column":2},"end":{"line":14,"column":40}},"2":{"start":{"line":15,"column":2},"end":{"line":25,"column":7}},"3":{"start":{"line":20,"column":6},"end":{"line":20,"column":60}},"4":{"start":{"line":21,"column":6},"end":{"line":21,"column":17}},"5":{"start":{"line":24,"column":6},"end":{"line":24,"column":59}},"6":{"start":{"line":71,"column":4},"end":{"line":71,"column":67}},"7":{"start":{"line":72,"column":4},"end":{"line":72,"column":41}},"8":{"start":{"line":74,"column":4},"end":{"line":78,"column":6}},"9":{"start":{"line":80,"column":18},"end":{"line":80,"column":50}},"10":{"start":{"line":82,"column":18},"end":{"line":82,"column":57}},"11":{"start":{"line":83,"column":4},"end":{"line":88,"column":5}},"12":{"start":{"line":84,"column":6},"end":{"line":87,"column":7}},"13":{"start":{"line":85,"column":8},"end":{"line":85,"column":54}},"14":{"start":{"line":86,"column":8},"end":{"line":86,"column":51}},"15":{"start":{"line":90,"column":4},"end":{"line":90,"column":23}},"16":{"start":{"line":91,"column":22},"end":{"line":91,"column":39}},"17":{"start":{"line":92,"column":4},"end":{"line":92,"column":64}},"18":{"start":{"line":93,"column":4},"end":{"line":93,"column":29}},"19":{"start":{"line":95,"column":4},"end":{"line":96,"column":29}},"20":{"start":{"line":95,"column":13},"end":{"line":95,"column":28}},"21":{"start":{"line":96,"column":9},"end":{"line":96,"column":29}},"22":{"start":{"line":99,"column":11},"end":{"line":101,"column":3}},"23":{"start":{"line":100,"column":4},"end":{"line":100,"column":19}},"24":{"start":{"line":103,"column":18},"end":{"line":117,"column":3}},"25":{"start":{"line":104,"column":18},"end":{"line":104,"column":40}},"26":{"start":{"line":105,"column":17},"end":{"line":105,"column":43}},"27":{"start":{"line":107,"column":4},"end":{"line":109,"column":5}},"28":{"start":{"line":108,"column":6},"end":{"line":108,"column":19}},"29":{"start":{"line":111,"column":4},"end":{"line":111,"column":62}},"30":{"start":{"line":111,"column":46},"end":{"line":111,"column":62}},"31":{"start":{"line":112,"column":4},"end":{"line":112,"column":62}},"32":{"start":{"line":112,"column":46},"end":{"line":112,"column":62}},"33":{"start":{"line":113,"column":4},"end":{"line":113,"column":58}},"34":{"start":{"line":113,"column":44},"end":{"line":113,"column":58}},"35":{"start":{"line":114,"column":4},"end":{"line":114,"column":64}},"36":{"start":{"line":114,"column":47},"end":{"line":114,"column":64}},"37":{"start":{"line":115,"column":4},"end":{"line":115,"column":59}},"38":{"start":{"line":115,"column":45},"end":{"line":115,"column":59}},"39":{"start":{"line":116,"column":4},"end":{"line":116,"column":21}},"40":{"start":{"line":120,"column":4},"end":{"line":120,"column":52}},"41":{"start":{"line":120,"column":39},"end":{"line":120,"column":52}},"42":{"start":{"line":121,"column":4},"end":{"line":121,"column":52}},"43":{"start":{"line":121,"column":38},"end":{"line":121,"column":52}},"44":{"start":{"line":122,"column":4},"end":{"line":122,"column":55}},"45":{"start":{"line":122,"column":39},"end":{"line":122,"column":55}},"46":{"start":{"line":123,"column":4},"end":{"line":123,"column":55}},"47":{"start":{"line":123,"column":39},"end":{"line":123,"column":55}},"48":{"start":{"line":124,"column":4},"end":{"line":124,"column":57}},"49":{"start":{"line":124,"column":40},"end":{"line":124,"column":57}},"50":{"start":{"line":125,"column":4},"end":{"line":125,"column":21}},"51":{"start":{"line":131,"column":17},"end":{"line":131,"column":41}},"52":{"start":{"line":132,"column":4},"end":{"line":132,"column":26}},"53":{"start":{"line":133,"column":4},"end":{"line":139,"column":5}},"54":{"start":{"line":134,"column":6},"end":{"line":138,"column":7}},"55":{"start":{"line":135,"column":8},"end":{"line":135,"column":31}},"56":{"start":{"line":137,"column":8},"end":{"line":137,"column":22}},"57":{"start":{"line":140,"column":4},"end":{"line":140,"column":18}},"58":{"start":{"line":144,"column":4},"end":{"line":153,"column":7}},"59":{"start":{"line":145,"column":22},"end":{"line":145,"column":47}},"60":{"start":{"line":146,"column":6},"end":{"line":148,"column":9}},"61":{"start":{"line":147,"column":8},"end":{"line":147,"column":25}},"62":{"start":{"line":150,"column":24},"end":{"line":150,"column":36}},"63":{"start":{"line":151,"column":6},"end":{"line":151,"column":69}},"64":{"start":{"line":152,"column":6},"end":{"line":152,"column":33}},"65":{"start":{"line":157,"column":16},"end":{"line":157,"column":46}},"66":{"start":{"line":158,"column":4},"end":{"line":162,"column":9}},"67":{"start":{"line":159,"column":20},"end":{"line":159,"column":38}},"68":{"start":{"line":161,"column":8},"end":{"line":161,"column":23}},"69":{"start":{"line":166,"column":16},"end":{"line":166,"column":58}},"70":{"start":{"line":167,"column":4},"end":{"line":169,"column":5}},"71":{"start":{"line":168,"column":6},"end":{"line":168,"column":25}},"72":{"start":{"line":170,"column":4},"end":{"line":170,"column":15}},"73":{"start":{"line":174,"column":16},"end":{"line":174,"column":45}},"74":{"start":{"line":175,"column":4},"end":{"line":175,"column":15}},"75":{"start":{"line":183,"column":21},"end":{"line":183,"column":48}},"76":{"start":{"line":184,"column":16},"end":{"line":186,"column":6}},"77":{"start":{"line":188,"column":4},"end":{"line":190,"column":5}},"78":{"start":{"line":189,"column":6},"end":{"line":189,"column":27}},"79":{"start":{"line":192,"column":4},"end":{"line":192,"column":15}},"80":{"start":{"line":200,"column":4},"end":{"line":200,"column":48}},"81":{"start":{"line":201,"column":4},"end":{"line":215,"column":9}},"82":{"start":{"line":204,"column":10},"end":{"line":210,"column":12}},"83":{"start":{"line":214,"column":8},"end":{"line":214,"column":40}},"84":{"start":{"line":219,"column":21},"end":{"line":219,"column":48}},"85":{"start":{"line":220,"column":16},"end":{"line":220,"column":59}},"86":{"start":{"line":222,"column":4},"end":{"line":224,"column":5}},"87":{"start":{"line":223,"column":6},"end":{"line":223,"column":27}},"88":{"start":{"line":226,"column":4},"end":{"line":226,"column":15}},"89":{"start":{"line":234,"column":23},"end":{"line":234,"column":60}},"90":{"start":{"line":236,"column":4},"end":{"line":279,"column":5}},"91":{"start":{"line":237,"column":6},"end":{"line":278,"column":9}},"92":{"start":{"line":238,"column":20},"end":{"line":238,"column":40}},"93":{"start":{"line":240,"column":24},"end":{"line":240,"column":47}},"94":{"start":{"line":241,"column":24},"end":{"line":241,"column":47}},"95":{"start":{"line":243,"column":8},"end":{"line":277,"column":9}},"96":{"start":{"line":244,"column":10},"end":{"line":255,"column":11}},"97":{"start":{"line":245,"column":12},"end":{"line":245,"column":49}},"98":{"start":{"line":247,"column":12},"end":{"line":254,"column":13}},"99":{"start":{"line":248,"column":14},"end":{"line":248,"column":42}},"100":{"start":{"line":250,"column":14},"end":{"line":253,"column":16}},"101":{"start":{"line":256,"column":15},"end":{"line":277,"column":9}},"102":{"start":{"line":257,"column":10},"end":{"line":257,"column":38}},"103":{"start":{"line":258,"column":15},"end":{"line":277,"column":9}},"104":{"start":{"line":259,"column":10},"end":{"line":259,"column":38}},"105":{"start":{"line":260,"column":15},"end":{"line":277,"column":9}},"106":{"start":{"line":261,"column":10},"end":{"line":261,"column":42}},"107":{"start":{"line":262,"column":10},"end":{"line":264,"column":11}},"108":{"start":{"line":263,"column":12},"end":{"line":263,"column":79}},"109":{"start":{"line":265,"column":10},"end":{"line":267,"column":11}},"110":{"start":{"line":266,"column":12},"end":{"line":266,"column":77}},"111":{"start":{"line":268,"column":15},"end":{"line":277,"column":9}},"112":{"start":{"line":269,"column":15},"end":{"line":277,"column":9}},"113":{"start":{"line":270,"column":10},"end":{"line":276,"column":11}},"114":{"start":{"line":271,"column":12},"end":{"line":275,"column":13}},"115":{"start":{"line":272,"column":14},"end":{"line":272,"column":64}},"116":{"start":{"line":274,"column":14},"end":{"line":274,"column":42}},"117":{"start":{"line":281,"column":4},"end":{"line":288,"column":5}},"118":{"start":{"line":282,"column":18},"end":{"line":282,"column":57}},"119":{"start":{"line":283,"column":6},"end":{"line":286,"column":9}},"120":{"start":{"line":284,"column":21},"end":{"line":284,"column":76}},"121":{"start":{"line":285,"column":8},"end":{"line":285,"column":23}},"122":{"start":{"line":287,"column":6},"end":{"line":287,"column":26}},"123":{"start":{"line":290,"column":4},"end":{"line":290,"column":22}},"124":{"start":{"line":304,"column":19},"end":{"line":304,"column":62}},"125":{"start":{"line":306,"column":16},"end":{"line":306,"column":45}},"126":{"start":{"line":308,"column":4},"end":{"line":308,"column":15}},"127":{"start":{"line":324,"column":4},"end":{"line":329,"column":5}},"128":{"start":{"line":325,"column":6},"end":{"line":328,"column":7}},"129":{"start":{"line":327,"column":8},"end":{"line":327,"column":29}},"130":{"start":{"line":331,"column":20},"end":{"line":331,"column":31}},"131":{"start":{"line":332,"column":4},"end":{"line":332,"column":48}},"132":{"start":{"line":332,"column":21},"end":{"line":332,"column":48}},"133":{"start":{"line":333,"column":4},"end":{"line":333,"column":49}},"134":{"start":{"line":333,"column":22},"end":{"line":333,"column":49}},"135":{"start":{"line":335,"column":4},"end":{"line":346,"column":5}},"136":{"start":{"line":336,"column":6},"end":{"line":345,"column":7}},"137":{"start":{"line":337,"column":20},"end":{"line":337,"column":44}},"138":{"start":{"line":338,"column":18},"end":{"line":338,"column":44}},"139":{"start":{"line":340,"column":8},"end":{"line":342,"column":11}},"140":{"start":{"line":341,"column":10},"end":{"line":341,"column":21}},"141":{"start":{"line":344,"column":8},"end":{"line":344,"column":27}},"142":{"start":{"line":348,"column":19},"end":{"line":348,"column":62}},"143":{"start":{"line":349,"column":16},"end":{"line":356,"column":6}},"144":{"start":{"line":350,"column":6},"end":{"line":355,"column":8}},"145":{"start":{"line":358,"column":4},"end":{"line":358,"column":15}},"146":{"start":{"line":362,"column":16},"end":{"line":362,"column":63}},"147":{"start":{"line":363,"column":4},"end":{"line":363,"column":15}}},"fnMap":{"0":{"name":"connectDb","decl":{"start":{"line":10,"column":22},"end":{"line":10,"column":31}},"loc":{"start":{"line":10,"column":34},"end":{"line":26,"column":1}},"line":10},"1":{"name":"(anonymous_1)","decl":{"start":{"line":19,"column":10},"end":{"line":19,"column":11}},"loc":{"start":{"line":19,"column":17},"end":{"line":22,"column":5}},"line":19},"2":{"name":"(anonymous_2)","decl":{"start":{"line":23,"column":11},"end":{"line":23,"column":12}},"loc":{"start":{"line":23,"column":16},"end":{"line":25,"column":5}},"line":23},"3":{"name":"(anonymous_3)","decl":{"start":{"line":66,"column":2},"end":{"line":66,"column":3}},"loc":{"start":{"line":70,"column":4},"end":{"line":97,"column":3}},"line":70},"4":{"name":"(anonymous_4)","decl":{"start":{"line":96,"column":20},"end":{"line":96,"column":21}},"loc":{"start":{"line":96,"column":26},"end":{"line":96,"column":28}},"line":96},"5":{"name":"(anonymous_5)","decl":{"start":{"line":99,"column":11},"end":{"line":99,"column":12}},"loc":{"start":{"line":99,"column":32},"end":{"line":101,"column":3}},"line":99},"6":{"name":"(anonymous_6)","decl":{"start":{"line":103,"column":18},"end":{"line":103,"column":19}},"loc":{"start":{"line":103,"column":36},"end":{"line":117,"column":3}},"line":103},"7":{"name":"(anonymous_7)","decl":{"start":{"line":119,"column":2},"end":{"line":119,"column":3}},"loc":{"start":{"line":119,"column":26},"end":{"line":126,"column":3}},"line":119},"8":{"name":"(anonymous_8)","decl":{"start":{"line":128,"column":2},"end":{"line":128,"column":3}},"loc":{"start":{"line":130,"column":24},"end":{"line":141,"column":3}},"line":130},"9":{"name":"(anonymous_9)","decl":{"start":{"line":143,"column":2},"end":{"line":143,"column":3}},"loc":{"start":{"line":143,"column":68},"end":{"line":154,"column":3}},"line":143},"10":{"name":"(anonymous_10)","decl":{"start":{"line":144,"column":18},"end":{"line":144,"column":19}},"loc":{"start":{"line":144,"column":24},"end":{"line":153,"column":5}},"line":144},"11":{"name":"(anonymous_11)","decl":{"start":{"line":146,"column":17},"end":{"line":146,"column":18}},"loc":{"start":{"line":146,"column":24},"end":{"line":148,"column":7}},"line":146},"12":{"name":"(anonymous_12)","decl":{"start":{"line":156,"column":2},"end":{"line":156,"column":3}},"loc":{"start":{"line":156,"column":19},"end":{"line":163,"column":3}},"line":156},"13":{"name":"(anonymous_13)","decl":{"start":{"line":159,"column":14},"end":{"line":159,"column":15}},"loc":{"start":{"line":159,"column":20},"end":{"line":159,"column":38}},"line":159},"14":{"name":"(anonymous_14)","decl":{"start":{"line":160,"column":11},"end":{"line":160,"column":12}},"loc":{"start":{"line":160,"column":17},"end":{"line":162,"column":7}},"line":160},"15":{"name":"(anonymous_15)","decl":{"start":{"line":165,"column":2},"end":{"line":165,"column":3}},"loc":{"start":{"line":165,"column":38},"end":{"line":171,"column":3}},"line":165},"16":{"name":"(anonymous_16)","decl":{"start":{"line":173,"column":2},"end":{"line":173,"column":3}},"loc":{"start":{"line":173,"column":30},"end":{"line":176,"column":3}},"line":173},"17":{"name":"(anonymous_17)","decl":{"start":{"line":179,"column":2},"end":{"line":179,"column":3}},"loc":{"start":{"line":182,"column":4},"end":{"line":193,"column":3}},"line":182},"18":{"name":"(anonymous_18)","decl":{"start":{"line":195,"column":2},"end":{"line":195,"column":3}},"loc":{"start":{"line":199,"column":4},"end":{"line":216,"column":3}},"line":199},"19":{"name":"(anonymous_19)","decl":{"start":{"line":203,"column":17},"end":{"line":203,"column":18}},"loc":{"start":{"line":203,"column":25},"end":{"line":211,"column":9}},"line":203},"20":{"name":"(anonymous_20)","decl":{"start":{"line":213,"column":12},"end":{"line":213,"column":13}},"loc":{"start":{"line":213,"column":28},"end":{"line":215,"column":7}},"line":213},"21":{"name":"(anonymous_21)","decl":{"start":{"line":218,"column":2},"end":{"line":218,"column":3}},"loc":{"start":{"line":218,"column":41},"end":{"line":227,"column":3}},"line":218},"22":{"name":"(anonymous_22)","decl":{"start":{"line":229,"column":2},"end":{"line":229,"column":3}},"loc":{"start":{"line":233,"column":4},"end":{"line":291,"column":3}},"line":233},"23":{"name":"(anonymous_23)","decl":{"start":{"line":237,"column":28},"end":{"line":237,"column":29}},"loc":{"start":{"line":237,"column":35},"end":{"line":278,"column":7}},"line":237},"24":{"name":"(anonymous_24)","decl":{"start":{"line":283,"column":41},"end":{"line":283,"column":42}},"loc":{"start":{"line":283,"column":48},"end":{"line":286,"column":7}},"line":283},"25":{"name":"(anonymous_25)","decl":{"start":{"line":293,"column":2},"end":{"line":293,"column":3}},"loc":{"start":{"line":303,"column":5},"end":{"line":309,"column":3}},"line":303},"26":{"name":"(anonymous_26)","decl":{"start":{"line":311,"column":2},"end":{"line":311,"column":3}},"loc":{"start":{"line":323,"column":5},"end":{"line":359,"column":3}},"line":323},"27":{"name":"(anonymous_27)","decl":{"start":{"line":340,"column":20},"end":{"line":340,"column":21}},"loc":{"start":{"line":340,"column":25},"end":{"line":342,"column":9}},"line":340},"28":{"name":"(anonymous_28)","decl":{"start":{"line":349,"column":64},"end":{"line":349,"column":65}},"loc":{"start":{"line":349,"column":71},"end":{"line":356,"column":5}},"line":349},"29":{"name":"(anonymous_29)","decl":{"start":{"line":361,"column":2},"end":{"line":361,"column":3}},"loc":{"start":{"line":361,"column":60},"end":{"line":364,"column":3}},"line":361}},"branchMap":{"0":{"loc":{"start":{"line":84,"column":6},"end":{"line":87,"column":7}},"type":"if","locations":[{"start":{"line":84,"column":6},"end":{"line":87,"column":7}},{"start":{},"end":{}}],"line":84},"1":{"loc":{"start":{"line":95,"column":4},"end":{"line":96,"column":29}},"type":"if","locations":[{"start":{"line":95,"column":4},"end":{"line":96,"column":29}},{"start":{"line":96,"column":9},"end":{"line":96,"column":29}}],"line":95},"2":{"loc":{"start":{"line":107,"column":4},"end":{"line":109,"column":5}},"type":"if","locations":[{"start":{"line":107,"column":4},"end":{"line":109,"column":5}},{"start":{},"end":{}}],"line":107},"3":{"loc":{"start":{"line":111,"column":4},"end":{"line":111,"column":62}},"type":"if","locations":[{"start":{"line":111,"column":4},"end":{"line":111,"column":62}},{"start":{},"end":{}}],"line":111},"4":{"loc":{"start":{"line":112,"column":4},"end":{"line":112,"column":62}},"type":"if","locations":[{"start":{"line":112,"column":4},"end":{"line":112,"column":62}},{"start":{},"end":{}}],"line":112},"5":{"loc":{"start":{"line":113,"column":4},"end":{"line":113,"column":58}},"type":"if","locations":[{"start":{"line":113,"column":4},"end":{"line":113,"column":58}},{"start":{},"end":{}}],"line":113},"6":{"loc":{"start":{"line":114,"column":4},"end":{"line":114,"column":64}},"type":"if","locations":[{"start":{"line":114,"column":4},"end":{"line":114,"column":64}},{"start":{},"end":{}}],"line":114},"7":{"loc":{"start":{"line":115,"column":4},"end":{"line":115,"column":59}},"type":"if","locations":[{"start":{"line":115,"column":4},"end":{"line":115,"column":59}},{"start":{},"end":{}}],"line":115},"8":{"loc":{"start":{"line":120,"column":4},"end":{"line":120,"column":52}},"type":"if","locations":[{"start":{"line":120,"column":4},"end":{"line":120,"column":52}},{"start":{},"end":{}}],"line":120},"9":{"loc":{"start":{"line":121,"column":4},"end":{"line":121,"column":52}},"type":"if","locations":[{"start":{"line":121,"column":4},"end":{"line":121,"column":52}},{"start":{},"end":{}}],"line":121},"10":{"loc":{"start":{"line":122,"column":4},"end":{"line":122,"column":55}},"type":"if","locations":[{"start":{"line":122,"column":4},"end":{"line":122,"column":55}},{"start":{},"end":{}}],"line":122},"11":{"loc":{"start":{"line":123,"column":4},"end":{"line":123,"column":55}},"type":"if","locations":[{"start":{"line":123,"column":4},"end":{"line":123,"column":55}},{"start":{},"end":{}}],"line":123},"12":{"loc":{"start":{"line":124,"column":4},"end":{"line":124,"column":57}},"type":"if","locations":[{"start":{"line":124,"column":4},"end":{"line":124,"column":57}},{"start":{},"end":{}}],"line":124},"13":{"loc":{"start":{"line":134,"column":6},"end":{"line":138,"column":7}},"type":"if","locations":[{"start":{"line":134,"column":6},"end":{"line":138,"column":7}},{"start":{"line":136,"column":13},"end":{"line":138,"column":7}}],"line":134},"14":{"loc":{"start":{"line":167,"column":4},"end":{"line":169,"column":5}},"type":"if","locations":[{"start":{"line":167,"column":4},"end":{"line":169,"column":5}},{"start":{},"end":{}}],"line":167},"15":{"loc":{"start":{"line":188,"column":4},"end":{"line":190,"column":5}},"type":"if","locations":[{"start":{"line":188,"column":4},"end":{"line":190,"column":5}},{"start":{},"end":{}}],"line":188},"16":{"loc":{"start":{"line":214,"column":15},"end":{"line":214,"column":39}},"type":"cond-expr","locations":[{"start":{"line":214,"column":27},"end":{"line":214,"column":31}},{"start":{"line":214,"column":34},"end":{"line":214,"column":39}}],"line":214},"17":{"loc":{"start":{"line":222,"column":4},"end":{"line":224,"column":5}},"type":"if","locations":[{"start":{"line":222,"column":4},"end":{"line":224,"column":5}},{"start":{},"end":{}}],"line":222},"18":{"loc":{"start":{"line":236,"column":4},"end":{"line":279,"column":5}},"type":"if","locations":[{"start":{"line":236,"column":4},"end":{"line":279,"column":5}},{"start":{},"end":{}}],"line":236},"19":{"loc":{"start":{"line":243,"column":8},"end":{"line":277,"column":9}},"type":"if","locations":[{"start":{"line":243,"column":8},"end":{"line":277,"column":9}},{"start":{"line":256,"column":15},"end":{"line":277,"column":9}}],"line":243},"20":{"loc":{"start":{"line":244,"column":10},"end":{"line":255,"column":11}},"type":"if","locations":[{"start":{"line":244,"column":10},"end":{"line":255,"column":11}},{"start":{"line":246,"column":17},"end":{"line":255,"column":11}}],"line":244},"21":{"loc":{"start":{"line":247,"column":12},"end":{"line":254,"column":13}},"type":"if","locations":[{"start":{"line":247,"column":12},"end":{"line":254,"column":13}},{"start":{"line":249,"column":19},"end":{"line":254,"column":13}}],"line":247},"22":{"loc":{"start":{"line":256,"column":15},"end":{"line":277,"column":9}},"type":"if","locations":[{"start":{"line":256,"column":15},"end":{"line":277,"column":9}},{"start":{"line":258,"column":15},"end":{"line":277,"column":9}}],"line":256},"23":{"loc":{"start":{"line":258,"column":15},"end":{"line":277,"column":9}},"type":"if","locations":[{"start":{"line":258,"column":15},"end":{"line":277,"column":9}},{"start":{"line":260,"column":15},"end":{"line":277,"column":9}}],"line":258},"24":{"loc":{"start":{"line":260,"column":15},"end":{"line":277,"column":9}},"type":"if","locations":[{"start":{"line":260,"column":15},"end":{"line":277,"column":9}},{"start":{"line":268,"column":15},"end":{"line":277,"column":9}}],"line":260},"25":{"loc":{"start":{"line":262,"column":10},"end":{"line":264,"column":11}},"type":"if","locations":[{"start":{"line":262,"column":10},"end":{"line":264,"column":11}},{"start":{},"end":{}}],"line":262},"26":{"loc":{"start":{"line":265,"column":10},"end":{"line":267,"column":11}},"type":"if","locations":[{"start":{"line":265,"column":10},"end":{"line":267,"column":11}},{"start":{},"end":{}}],"line":265},"27":{"loc":{"start":{"line":268,"column":15},"end":{"line":277,"column":9}},"type":"if","locations":[{"start":{"line":268,"column":15},"end":{"line":277,"column":9}},{"start":{"line":269,"column":15},"end":{"line":277,"column":9}}],"line":268},"28":{"loc":{"start":{"line":269,"column":15},"end":{"line":277,"column":9}},"type":"if","locations":[{"start":{"line":269,"column":15},"end":{"line":277,"column":9}},{"start":{},"end":{}}],"line":269},"29":{"loc":{"start":{"line":270,"column":10},"end":{"line":276,"column":11}},"type":"if","locations":[{"start":{"line":270,"column":10},"end":{"line":276,"column":11}},{"start":{},"end":{}}],"line":270},"30":{"loc":{"start":{"line":271,"column":12},"end":{"line":275,"column":13}},"type":"if","locations":[{"start":{"line":271,"column":12},"end":{"line":275,"column":13}},{"start":{"line":273,"column":19},"end":{"line":275,"column":13}}],"line":271},"31":{"loc":{"start":{"line":281,"column":4},"end":{"line":288,"column":5}},"type":"if","locations":[{"start":{"line":281,"column":4},"end":{"line":288,"column":5}},{"start":{},"end":{}}],"line":281},"32":{"loc":{"start":{"line":295,"column":4},"end":{"line":295,"column":16}},"type":"default-arg","locations":[{"start":{"line":295,"column":12},"end":{"line":295,"column":16}}],"line":295},"33":{"loc":{"start":{"line":296,"column":4},"end":{"line":296,"column":22}},"type":"default-arg","locations":[{"start":{"line":296,"column":17},"end":{"line":296,"column":22}}],"line":296},"34":{"loc":{"start":{"line":313,"column":4},"end":{"line":313,"column":16}},"type":"default-arg","locations":[{"start":{"line":313,"column":12},"end":{"line":313,"column":16}}],"line":313},"35":{"loc":{"start":{"line":314,"column":4},"end":{"line":314,"column":22}},"type":"default-arg","locations":[{"start":{"line":314,"column":17},"end":{"line":314,"column":22}}],"line":314},"36":{"loc":{"start":{"line":324,"column":4},"end":{"line":329,"column":5}},"type":"if","locations":[{"start":{"line":324,"column":4},"end":{"line":329,"column":5}},{"start":{},"end":{}}],"line":324},"37":{"loc":{"start":{"line":325,"column":6},"end":{"line":328,"column":7}},"type":"if","locations":[{"start":{"line":325,"column":6},"end":{"line":328,"column":7}},{"start":{"line":326,"column":13},"end":{"line":328,"column":7}}],"line":325},"38":{"loc":{"start":{"line":332,"column":4},"end":{"line":332,"column":48}},"type":"if","locations":[{"start":{"line":332,"column":4},"end":{"line":332,"column":48}},{"start":{},"end":{}}],"line":332},"39":{"loc":{"start":{"line":333,"column":4},"end":{"line":333,"column":49}},"type":"if","locations":[{"start":{"line":333,"column":4},"end":{"line":333,"column":49}},{"start":{},"end":{}}],"line":333},"40":{"loc":{"start":{"line":335,"column":4},"end":{"line":346,"column":5}},"type":"if","locations":[{"start":{"line":335,"column":4},"end":{"line":346,"column":5}},{"start":{},"end":{}}],"line":335},"41":{"loc":{"start":{"line":336,"column":6},"end":{"line":345,"column":7}},"type":"if","locations":[{"start":{"line":336,"column":6},"end":{"line":345,"column":7}},{"start":{},"end":{}}],"line":336}},"s":{"0":2,"1":2,"2":2,"3":2,"4":2,"5":0,"6":1,"7":1,"8":1,"9":1,"10":1,"11":1,"12":4,"13":2,"14":2,"15":1,"16":1,"17":1,"18":1,"19":1,"20":0,"21":1,"22":1,"23":0,"24":1,"25":0,"26":0,"27":0,"28":0,"29":0,"30":0,"31":0,"32":0,"33":0,"34":0,"35":0,"36":0,"37":0,"38":0,"39":0,"40":0,"41":0,"42":0,"43":0,"44":0,"45":0,"46":0,"47":0,"48":0,"49":0,"50":0,"51":0,"52":0,"53":0,"54":0,"55":0,"56":0,"57":0,"58":1,"59":1,"60":1,"61":2,"62":1,"63":1,"64":1,"65":0,"66":0,"67":0,"68":0,"69":1,"70":1,"71":0,"72":1,"73":0,"74":0,"75":0,"76":0,"77":0,"78":0,"79":0,"80":0,"81":0,"82":0,"83":0,"84":0,"85":0,"86":0,"87":0,"88":0,"89":0,"90":0,"91":0,"92":0,"93":0,"94":0,"95":0,"96":0,"97":0,"98":0,"99":0,"100":0,"101":0,"102":0,"103":0,"104":0,"105":0,"106":0,"107":0,"108":0,"109":0,"110":0,"111":0,"112":0,"113":0,"114":0,"115":0,"116":0,"117":0,"118":0,"119":0,"120":0,"121":0,"122":0,"123":0,"124":0,"125":0,"126":0,"127":0,"128":0,"129":0,"130":0,"131":0,"132":0,"133":0,"134":0,"135":0,"136":0,"137":0,"138":0,"139":0,"140":0,"141":0,"142":0,"143":0,"144":0,"145":0,"146":0,"147":0},"f":{"0":2,"1":2,"2":0,"3":1,"4":0,"5":0,"6":0,"7":0,"8":0,"9":1,"10":1,"11":2,"12":0,"13":0,"14":0,"15":1,"16":0,"17":0,"18":0,"19":0,"20":0,"21":0,"22":0,"23":0,"24":0,"25":0,"26":0,"27":0,"28":0,"29":0},"b":{"0":[2,2],"1":[0,1],"2":[0,0],"3":[0,0],"4":[0,0],"5":[0,0],"6":[0,0],"7":[0,0],"8":[0,0],"9":[0,0],"10":[0,0],"11":[0,0],"12":[0,0],"13":[0,0],"14":[0,1],"15":[0,0],"16":[0,0],"17":[0,0],"18":[0,0],"19":[0,0],"20":[0,0],"21":[0,0],"22":[0,0],"23":[0,0],"24":[0,0],"25":[0,0],"26":[0,0],"27":[0,0],"28":[0,0],"29":[0,0],"30":[0,0],"31":[0,0],"32":[0],"33":[0],"34":[0],"35":[0],"36":[0,0],"37":[0,0],"38":[0,0],"39":[0,0],"40":[0,0],"41":[0,0]},"_coverageSchema":"1a1c01bbd47fc00a2c39e90264f33305004495a9","hash":"e0fd0c645190cfdd86c87aefcf5da1cb75a89d53"}
}
