TN:
SF:modelSchema/index.ts
FNF:0
FNH:0
DA:3,1
LF:1
LH:1
BRF:0
BRH:0
end_of_record
TN:
SF:modelSchema/tested.ts
FNF:0
FNH:0
DA:14,1
DA:21,1
DA:23,1
DA:24,1
LF:4
LH:4
BRF:0
BRH:0
end_of_record
TN:
SF:models/api/api.ts
FN:10,connectDb
FN:19,(anonymous_1)
FN:23,(anonymous_2)
FN:66,(anonymous_3)
FN:96,(anonymous_4)
FN:99,(anonymous_5)
FN:103,(anonymous_6)
FN:119,(anonymous_7)
FN:128,(anonymous_8)
FN:143,(anonymous_9)
FN:144,(anonymous_10)
FN:146,(anonymous_11)
FN:156,(anonymous_12)
FN:159,(anonymous_13)
FN:160,(anonymous_14)
FN:165,(anonymous_15)
FN:173,(anonymous_16)
FN:179,(anonymous_17)
FN:195,(anonymous_18)
FN:203,(anonymous_19)
FN:213,(anonymous_20)
FN:218,(anonymous_21)
FN:229,(anonymous_22)
FN:237,(anonymous_23)
FN:283,(anonymous_24)
FN:293,(anonymous_25)
FN:311,(anonymous_26)
FN:340,(anonymous_27)
FN:349,(anonymous_28)
FN:361,(anonymous_29)
FNF:30
FNH:7
FNDA:2,connectDb
FNDA:2,(anonymous_1)
FNDA:0,(anonymous_2)
FNDA:1,(anonymous_3)
FNDA:0,(anonymous_4)
FNDA:0,(anonymous_5)
FNDA:0,(anonymous_6)
FNDA:0,(anonymous_7)
FNDA:0,(anonymous_8)
FNDA:1,(anonymous_9)
FNDA:1,(anonymous_10)
FNDA:2,(anonymous_11)
FNDA:0,(anonymous_12)
FNDA:0,(anonymous_13)
FNDA:0,(anonymous_14)
FNDA:1,(anonymous_15)
FNDA:0,(anonymous_16)
FNDA:0,(anonymous_17)
FNDA:0,(anonymous_18)
FNDA:0,(anonymous_19)
FNDA:0,(anonymous_20)
FNDA:0,(anonymous_21)
FNDA:0,(anonymous_22)
FNDA:0,(anonymous_23)
FNDA:0,(anonymous_24)
FNDA:0,(anonymous_25)
FNDA:0,(anonymous_26)
FNDA:0,(anonymous_27)
FNDA:0,(anonymous_28)
FNDA:0,(anonymous_29)
DA:12,2
DA:14,2
DA:15,2
DA:20,2
DA:21,2
DA:24,0
DA:71,1
DA:72,1
DA:74,1
DA:80,1
DA:82,1
DA:83,1
DA:84,4
DA:85,2
DA:86,2
DA:90,1
DA:91,1
DA:92,1
DA:93,1
DA:95,1
DA:96,1
DA:99,1
DA:100,0
DA:103,1
DA:104,0
DA:105,0
DA:107,0
DA:108,0
DA:111,0
DA:112,0
DA:113,0
DA:114,0
DA:115,0
DA:116,0
DA:120,0
DA:121,0
DA:122,0
DA:123,0
DA:124,0
DA:125,0
DA:131,0
DA:132,0
DA:133,0
DA:134,0
DA:135,0
DA:137,0
DA:140,0
DA:144,1
DA:145,1
DA:146,1
DA:147,2
DA:150,1
DA:151,1
DA:152,1
DA:157,0
DA:158,0
DA:159,0
DA:161,0
DA:166,1
DA:167,1
DA:168,0
DA:170,1
DA:174,0
DA:175,0
DA:183,0
DA:184,0
DA:188,0
DA:189,0
DA:192,0
DA:200,0
DA:201,0
DA:204,0
DA:214,0
DA:219,0
DA:220,0
DA:222,0
DA:223,0
DA:226,0
DA:234,0
DA:236,0
DA:237,0
DA:238,0
DA:240,0
DA:241,0
DA:243,0
DA:244,0
DA:245,0
DA:247,0
DA:248,0
DA:250,0
DA:256,0
DA:257,0
DA:258,0
DA:259,0
DA:260,0
DA:261,0
DA:262,0
DA:263,0
DA:265,0
DA:266,0
DA:268,0
DA:269,0
DA:270,0
DA:271,0
DA:272,0
DA:274,0
DA:281,0
DA:282,0
DA:283,0
DA:284,0
DA:285,0
DA:287,0
DA:290,0
DA:304,0
DA:306,0
DA:308,0
DA:324,0
DA:325,0
DA:327,0
DA:331,0
DA:332,0
DA:333,0
DA:335,0
DA:336,0
DA:337,0
DA:338,0
DA:340,0
DA:341,0
DA:344,0
DA:348,0
DA:349,0
DA:350,0
DA:358,0
DA:362,0
DA:363,0
LF:135
LH:32
BRDA:84,0,0,2
BRDA:84,0,1,2
BRDA:95,1,0,0
BRDA:95,1,1,1
BRDA:107,2,0,0
BRDA:107,2,1,0
BRDA:111,3,0,0
BRDA:111,3,1,0
BRDA:112,4,0,0
BRDA:112,4,1,0
BRDA:113,5,0,0
BRDA:113,5,1,0
BRDA:114,6,0,0
BRDA:114,6,1,0
BRDA:115,7,0,0
BRDA:115,7,1,0
BRDA:120,8,0,0
BRDA:120,8,1,0
BRDA:121,9,0,0
BRDA:121,9,1,0
BRDA:122,10,0,0
BRDA:122,10,1,0
BRDA:123,11,0,0
BRDA:123,11,1,0
BRDA:124,12,0,0
BRDA:124,12,1,0
BRDA:134,13,0,0
BRDA:134,13,1,0
BRDA:167,14,0,0
BRDA:167,14,1,1
BRDA:188,15,0,0
BRDA:188,15,1,0
BRDA:214,16,0,0
BRDA:214,16,1,0
BRDA:222,17,0,0
BRDA:222,17,1,0
BRDA:236,18,0,0
BRDA:236,18,1,0
BRDA:243,19,0,0
BRDA:243,19,1,0
BRDA:244,20,0,0
BRDA:244,20,1,0
BRDA:247,21,0,0
BRDA:247,21,1,0
BRDA:256,22,0,0
BRDA:256,22,1,0
BRDA:258,23,0,0
BRDA:258,23,1,0
BRDA:260,24,0,0
BRDA:260,24,1,0
BRDA:262,25,0,0
BRDA:262,25,1,0
BRDA:265,26,0,0
BRDA:265,26,1,0
BRDA:268,27,0,0
BRDA:268,27,1,0
BRDA:269,28,0,0
BRDA:269,28,1,0
BRDA:270,29,0,0
BRDA:270,29,1,0
BRDA:271,30,0,0
BRDA:271,30,1,0
BRDA:281,31,0,0
BRDA:281,31,1,0
BRDA:295,32,0,0
BRDA:296,33,0,0
BRDA:313,34,0,0
BRDA:314,35,0,0
BRDA:324,36,0,0
BRDA:324,36,1,0
BRDA:325,37,0,0
BRDA:325,37,1,0
BRDA:332,38,0,0
BRDA:332,38,1,0
BRDA:333,39,0,0
BRDA:333,39,1,0
BRDA:335,40,0,0
BRDA:335,40,1,0
BRDA:336,41,0,0
BRDA:336,41,1,0
BRF:80
BRH:4
end_of_record
